Groq client unavailable, using mock AI service: Client.__init__() got an unexpected keyword argument 'proxies'
INFO:     Started server process [3212]
INFO:     Waiting for application startup.
INFO:main:Creating database tables...
ERROR:    Traceback (most recent call last):
  File "C:\mysaasapps\AI Content Repurposing Tool\backend\venv\Lib\site-packages\sqlalchemy\engine\base.py", line 145, in __init__
    self._dbapi_connection = engine.raw_connection()
                             ^^^^^^^^^^^^^^^^^^^^^^^
  File "C:\mysaasapps\AI Content Repurposing Tool\backend\venv\Lib\site-packages\sqlalchemy\engine\base.py", line 3293, in raw_connection
    return self.pool.connect()
           ^^^^^^^^^^^^^^^^^^^
  File "C:\mysaasapps\AI Content Repurposing Tool\backend\venv\Lib\site-packages\sqlalchemy\pool\base.py", line 452, in connect
    return _ConnectionFairy._checkout(self)
           ^^^^^^^^^^^^^^^^^^^^^^^^^^^^^^^^
  File "C:\mysaasapps\AI Content Repurposing Tool\backend\venv\Lib\site-packages\sqlalchemy\pool\base.py", line 1269, in _checkout
    fairy = _ConnectionRecord.checkout(pool)
            ^^^^^^^^^^^^^^^^^^^^^^^^^^^^^^^^
  File "C:\mysaasapps\AI Content Repurposing Tool\backend\venv\Lib\site-packages\sqlalchemy\pool\base.py", line 716, in checkout
    rec = pool._do_get()
          ^^^^^^^^^^^^^^
  File "C:\mysaasapps\AI Content Repurposing Tool\backend\venv\Lib\site-packages\sqlalchemy\pool\impl.py", line 169, in _do_get
    with util.safe_reraise():
  File "C:\mysaasapps\AI Content Repurposing Tool\backend\venv\Lib\site-packages\sqlalchemy\util\langhelpers.py", line 146, in __exit__
    raise exc_value.with_traceback(exc_tb)
  File "C:\mysaasapps\AI Content Repurposing Tool\backend\venv\Lib\site-packages\sqlalchemy\pool\impl.py", line 167, in _do_get
    return self._create_connection()
           ^^^^^^^^^^^^^^^^^^^^^^^^^
  File "C:\mysaasapps\AI Content Repurposing Tool\backend\venv\Lib\site-packages\sqlalchemy\pool\base.py", line 393, in _create_connection
    return _ConnectionRecord(self)
           ^^^^^^^^^^^^^^^^^^^^^^^
  File "C:\mysaasapps\AI Content Repurposing Tool\backend\venv\Lib\site-packages\sqlalchemy\pool\base.py", line 678, in __init__
    self.__connect()
  File "C:\mysaasapps\AI Content Repurposing Tool\backend\venv\Lib\site-packages\sqlalchemy\pool\base.py", line 902, in __connect
    with util.safe_reraise():
  File "C:\mysaasapps\AI Content Repurposing Tool\backend\venv\Lib\site-packages\sqlalchemy\util\langhelpers.py", line 146, in __exit__
    raise exc_value.with_traceback(exc_tb)
  File "C:\mysaasapps\AI Content Repurposing Tool\backend\venv\Lib\site-packages\sqlalchemy\pool\base.py", line 898, in __connect
    self.dbapi_connection = connection = pool._invoke_creator(self)
                                         ^^^^^^^^^^^^^^^^^^^^^^^^^^
  File "C:\mysaasapps\AI Content Repurposing Tool\backend\venv\Lib\site-packages\sqlalchemy\engine\create.py", line 645, in connect
    return dialect.connect(*cargs, **cparams)
           ^^^^^^^^^^^^^^^^^^^^^^^^^^^^^^^^^^
  File "C:\mysaasapps\AI Content Repurposing Tool\backend\venv\Lib\site-packages\sqlalchemy\engine\default.py", line 616, in connect
    return self.loaded_dbapi.connect(*cargs, **cparams)
           ^^^^^^^^^^^^^^^^^^^^^^^^^^^^^^^^^^^^^^^^^^^^
  File "C:\mysaasapps\AI Content Repurposing Tool\backend\venv\Lib\site-packages\psycopg2\__init__.py", line 122, in connect
    conn = _connect(dsn, connection_factory=connection_factory, **kwasync)
           ^^^^^^^^^^^^^^^^^^^^^^^^^^^^^^^^^^^^^^^^^^^^^^^^^^^^^^^^^^^^^^^
psycopg2.OperationalError: connection to server at "localhost" (::1), port 5432 failed: FATAL:  password authentication failed for user "postgres"


The above exception was the direct cause of the following exception:

Traceback (most recent call last):
  File "C:\mysaasapps\AI Content Repurposing Tool\backend\venv\Lib\site-packages\starlette\routing.py", line 738, in lifespan
    async with self.lifespan_context(app) as maybe_state:
  File "C:\Users\wwwma\AppData\Local\Programs\Python\Python311\Lib\contextlib.py", line 204, in __aenter__
    return await anext(self.gen)
           ^^^^^^^^^^^^^^^^^^^^^
  File "C:\mysaasapps\AI Content Repurposing Tool\backend\main.py", line 19, in lifespan
    Base.metadata.create_all(bind=engine)
  File "C:\mysaasapps\AI Content Repurposing Tool\backend\venv\Lib\site-packages\sqlalchemy\sql\schema.py", line 5832, in create_all
    bind._run_ddl_visitor(
  File "C:\mysaasapps\AI Content Repurposing Tool\backend\venv\Lib\site-packages\sqlalchemy\engine\base.py", line 3243, in _run_ddl_visitor
    with self.begin() as conn:
  File "C:\Users\wwwma\AppData\Local\Programs\Python\Python311\Lib\contextlib.py", line 137, in __enter__
    return next(self.gen)
           ^^^^^^^^^^^^^^
  File "C:\mysaasapps\AI Content Repurposing Tool\backend\venv\Lib\site-packages\sqlalchemy\engine\base.py", line 3233, in begin
    with self.connect() as conn:
         ^^^^^^^^^^^^^^
  File "C:\mysaasapps\AI Content Repurposing Tool\backend\venv\Lib\site-packages\sqlalchemy\engine\base.py", line 3269, in connect
    return self._connection_cls(self)
           ^^^^^^^^^^^^^^^^^^^^^^^^^^
  File "C:\mysaasapps\AI Content Repurposing Tool\backend\venv\Lib\site-packages\sqlalchemy\engine\base.py", line 147, in __init__
    Connection._handle_dbapi_exception_noconnection(
  File "C:\mysaasapps\AI Content Repurposing Tool\backend\venv\Lib\site-packages\sqlalchemy\engine\base.py", line 2431, in _handle_dbapi_exception_noconnection
    raise sqlalchemy_exception.with_traceback(exc_info[2]) from e
  File "C:\mysaasapps\AI Content Repurposing Tool\backend\venv\Lib\site-packages\sqlalchemy\engine\base.py", line 145, in __init__
    self._dbapi_connection = engine.raw_connection()
                             ^^^^^^^^^^^^^^^^^^^^^^^
  File "C:\mysaasapps\AI Content Repurposing Tool\backend\venv\Lib\site-packages\sqlalchemy\engine\base.py", line 3293, in raw_connection
    return self.pool.connect()
           ^^^^^^^^^^^^^^^^^^^
  File "C:\mysaasapps\AI Content Repurposing Tool\backend\venv\Lib\site-packages\sqlalchemy\pool\base.py", line 452, in connect
    return _ConnectionFairy._checkout(self)
           ^^^^^^^^^^^^^^^^^^^^^^^^^^^^^^^^
  File "C:\mysaasapps\AI Content Repurposing Tool\backend\venv\Lib\site-packages\sqlalchemy\pool\base.py", line 1269, in _checkout
    fairy = _ConnectionRecord.checkout(pool)
            ^^^^^^^^^^^^^^^^^^^^^^^^^^^^^^^^
  File "C:\mysaasapps\AI Content Repurposing Tool\backend\venv\Lib\site-packages\sqlalchemy\pool\base.py", line 716, in checkout
    rec = pool._do_get()
          ^^^^^^^^^^^^^^
  File "C:\mysaasapps\AI Content Repurposing Tool\backend\venv\Lib\site-packages\sqlalchemy\pool\impl.py", line 169, in _do_get
    with util.safe_reraise():
  File "C:\mysaasapps\AI Content Repurposing Tool\backend\venv\Lib\site-packages\sqlalchemy\util\langhelpers.py", line 146, in __exit__
    raise exc_value.with_traceback(exc_tb)
  File "C:\mysaasapps\AI Content Repurposing Tool\backend\venv\Lib\site-packages\sqlalchemy\pool\impl.py", line 167, in _do_get
    return self._create_connection()
           ^^^^^^^^^^^^^^^^^^^^^^^^^
  File "C:\mysaasapps\AI Content Repurposing Tool\backend\venv\Lib\site-packages\sqlalchemy\pool\base.py", line 393, in _create_connection
    return _ConnectionRecord(self)
           ^^^^^^^^^^^^^^^^^^^^^^^
  File "C:\mysaasapps\AI Content Repurposing Tool\backend\venv\Lib\site-packages\sqlalchemy\pool\base.py", line 678, in __init__
    self.__connect()
  File "C:\mysaasapps\AI Content Repurposing Tool\backend\venv\Lib\site-packages\sqlalchemy\pool\base.py", line 902, in __connect
    with util.safe_reraise():
  File "C:\mysaasapps\AI Content Repurposing Tool\backend\venv\Lib\site-packages\sqlalchemy\util\langhelpers.py", line 146, in __exit__
    raise exc_value.with_traceback(exc_tb)
  File "C:\mysaasapps\AI Content Repurposing Tool\backend\venv\Lib\site-packages\sqlalchemy\pool\base.py", line 898, in __connect
    self.dbapi_connection = connection = pool._invoke_creator(self)
                                         ^^^^^^^^^^^^^^^^^^^^^^^^^^
  File "C:\mysaasapps\AI Content Repurposing Tool\backend\venv\Lib\site-packages\sqlalchemy\engine\create.py", line 645, in connect
    return dialect.connect(*cargs, **cparams)
           ^^^^^^^^^^^^^^^^^^^^^^^^^^^^^^^^^^
  File "C:\mysaasapps\AI Content Repurposing Tool\backend\venv\Lib\site-packages\sqlalchemy\engine\default.py", line 616, in connect
    return self.loaded_dbapi.connect(*cargs, **cparams)
           ^^^^^^^^^^^^^^^^^^^^^^^^^^^^^^^^^^^^^^^^^^^^
  File "C:\mysaasapps\AI Content Repurposing Tool\backend\venv\Lib\site-packages\psycopg2\__init__.py", line 122, in connect
    conn = _connect(dsn, connection_factory=connection_factory, **kwasync)
           ^^^^^^^^^^^^^^^^^^^^^^^^^^^^^^^^^^^^^^^^^^^^^^^^^^^^^^^^^^^^^^^
sqlalchemy.exc.OperationalError: (psycopg2.OperationalError) connection to server at "localhost" (::1), port 5432 failed: FATAL:  password authentication failed for user "postgres"

(Background on this error at: https://sqlalche.me/e/20/e3q8)

ERROR:    Application startup failed. Exiting.
